[I 170313 22:08:00 web:1971] 200 GET / (::1) 3.01ms
[I 170313 22:08:00 web:1971] 200 GET /static/css/tooltip.css (::1) 63.57ms
[I 170313 22:08:00 web:1971] 200 GET /static/js/ws.js (::1) 1.59ms
[I 170313 22:08:00 web:1971] 200 GET /static/js/formvalid.js (::1) 1.13ms
[I 170313 22:08:00 web:1971] 200 GET /static/js/main.js (::1) 1.22ms
[I 170313 22:08:00 web:1971] 200 GET /static/css/main.css (::1) 1.21ms
[I 170313 22:08:01 web:1971] 200 GET /static/image/favicon.ico (::1) 1.42ms
[I 170313 22:08:20 transport:1545] Connected (version 2.0, client OpenSSH_6.6.1)
[I 170313 22:08:20 transport:1545] Authentication (password) successful!
[I 170313 22:08:21 handlers:56] connection established from: 43793872
[I 170313 22:09:16 handlers:66] client close the connection: 43793872
[I 170313 22:09:19 web:1971] 304 GET / (::1) 0.75ms
[I 170313 22:09:57 transport:1545] Connected (version 2.0, client OpenSSH_6.6.1)
[I 170313 22:09:57 transport:1545] Authentication (password) successful!
[I 170313 22:09:57 handlers:56] connection established from: 44269904
[I 170313 22:13:08 handlers:66] client close the connection: 44269904
[I 170314 07:40:05 web:1971] 304 GET / (::1) 0.90ms
[I 170314 15:14:28 web:1971] 200 GET / (::1) 3.76ms
[I 170314 15:14:28 web:1971] 200 GET /static/js/jquery.min.js (::1) 18.21ms
[I 170314 15:14:28 web:1971] 200 GET /static/js/term.js (::1) 2.44ms
[I 170314 15:14:29 web:1971] 200 GET /static/image/favicon.ico (::1) 0.96ms
[I 170314 15:14:30 web:1971] 304 GET / (::1) 1.07ms
[I 170314 15:14:30 web:1971] 200 GET /static/image/favicon.ico (::1) 1.56ms
[I 170314 15:14:31 web:1971] 304 GET / (::1) 1.54ms
[I 170314 15:14:31 web:1971] 200 GET /static/image/favicon.ico (::1) 1.23ms
[I 170314 15:14:31 web:1971] 304 GET / (::1) 1.01ms
[I 170314 15:14:31 web:1971] 200 GET /static/image/favicon.ico (::1) 1.21ms
[I 170314 15:14:31 web:1971] 304 GET / (::1) 0.80ms
[I 170314 15:14:31 web:1971] 200 GET /static/image/favicon.ico (::1) 1.31ms
[I 170314 15:14:31 web:1971] 304 GET / (::1) 0.90ms
[I 170314 15:14:31 web:1971] 200 GET /static/image/favicon.ico (::1) 1.08ms
[I 170314 15:14:31 web:1971] 304 GET / (::1) 0.67ms
[I 170314 15:14:31 web:1971] 200 GET /static/image/favicon.ico (::1) 0.97ms
[I 170314 15:14:31 web:1971] 304 GET / (::1) 0.86ms
[I 170314 15:14:32 web:1971] 200 GET /static/image/favicon.ico (::1) 1.19ms
[I 170314 15:14:32 web:1971] 304 GET / (::1) 0.66ms
[I 170314 15:14:32 web:1971] 200 GET /static/image/favicon.ico (::1) 1.33ms
[W 170314 16:32:20 web:1971] 404 GET / (::1) 0.93ms
[W 170314 16:32:20 web:1971] 404 GET /favicon.ico (::1) 0.42ms
[W 170314 16:32:22 web:1971] 404 GET / (::1) 0.52ms
[W 170314 16:32:23 web:1971] 404 GET / (::1) 0.65ms
[W 170314 16:32:23 web:1971] 404 GET / (::1) 0.83ms
[W 170314 16:32:23 web:1971] 404 GET / (::1) 0.84ms
